irun(64): 15.20-s051: (c) Copyright 1995-2018 Cadence Design Systems, Inc.
TOOL:	irun(64)	15.20-s051: Started on May 11, 2023 at 11:16:56 IST
irun
	-access +rwc
	t_z.v
INCLUDE $GF_PDK_HOME/DesignEnv/VirtuosoOA/setup/superstack.cds.lib
|
irun: *W,DLCVAR (../cds.lib,6): cds.lib Invalid environment variable ''.
DEFINE CALIBRE_HOME     /cad_area/vlsi/tools/MENTOR/calibre/aoi_cal_2018.2_41.34
|
irun: *W,DLCPTH (../cds.lib,13): cds.lib Invalid path '/cad_area/vlsi/tools/MENTOR/calibre/aoi_cal_2018.2_41.34' (cds.lib command ignored).
DEFINE UMC_18_CMOS /cad_area/install/pdk/Cadence_PDK/UMC180FDK/Cadence_IC6/G-9FD-MIXED_MODE_RFCMOS18-1.8V_3.3V-1P6M-MMC_UM180FDKMFC00000OA-FDK-Ver.A02_PB.zip_FILES/UM180FDKMFC00000OA_A02_DESIGNKIT.tar.gz_FILES/UM180FDKMFC00000OA_A02_PB.tar.gz_FILES/UMC_18_CMOS/
|
irun: *W,DLCLAP (../cds.lib,28): cds.lib Same file has different definitions for library 'library UMC_18_CMOS from /home/01FE20BEC279/cds.lib line 28, redefines
    library UMC_18_CMOS from same file line 27 defined earlier.' (continuing with last specified path).
DEFINE UMC180Faraday    /cad_area/install/pdk/UMC/UMC180Faraday
|
irun: *W,DLCPTH (../cds.lib,34): cds.lib Invalid path '/cad_area/install/pdk/UMC/UMC180Faraday' (cds.lib command ignored).
DEFINE UMC180Faraday    /cad_area/install/pdk/UMC/UMC180Faraday/fsa0m_a/2008Q3v1.2/50VT_GENERIC_IO/BackEnd/lef
|
irun: *W,DLCPTH (../cds.lib,35): cds.lib Invalid path '/cad_area/install/pdk/UMC/UMC180Faraday/fsa0m_a/2008Q3v1.2/50VT_GENERIC_IO/BackEnd/lef' (cds.lib command ignored).
DEFINE FSA0M_A_50VT_GENERIC_IO /cad_area/install/pdk/UMC/UMC180Faraday/fsa0m_a/2008Q3v1.2/50VT_GENERIC_IO/FrontEnd/composer/FSA0M_A_50VT_GENERIC_IO
|
irun: *W,DLCPTH (../cds.lib,37): cds.lib Invalid path '/cad_area/install/pdk/UMC/UMC180Faraday/fsa0m_a/2008Q3v1.2/50VT_GENERIC_IO/FrontEnd/composer/FSA0M_A_50VT_GENERIC_IO' (cds.lib command ignored).
DEFINE asap7_TechLib $PDK_DIR/cdslib/asap7_TechLib
|
irun: *W,DLCVAR (../cds.lib,42): cds.lib Invalid environment variable ''.
DEFINE asap7ssc7p5t $PDK_DIR/asap7ssc7p5t_05
|
irun: *W,DLCVAR (../cds.lib,67): cds.lib Invalid environment variable ''.
DEFINE 01FE20bec279 /home/01FE20BEC279/01FE20bec279
|
irun: *W,DLCPTH (../cds.lib,72): cds.lib Invalid path '/home/01FE20BEC279/01FE20bec279' (cds.lib command ignored).
DEFINE 01fe20bec279 /home/01FE20BEC279/01fe20bec279
|
irun: *W,DLCLAP (../cds.lib,73): cds.lib Same file has different definitions for library 'library 01fe20bec279 from /home/01FE20BEC279/cds.lib line 73, redefines
    library 01fe20bec279 from same file line 71 defined earlier.' (continuing with last specified path).
DEFINE 01fe20bec279 /home/01FE20BEC279/01fe20bec279
|
irun: *W,DLCLAP (../cds.lib,74): cds.lib Same file has different definitions for library 'library 01fe20bec279 from /home/01FE20BEC279/cds.lib line 74, redefines
    library 01fe20bec279 from same file line 73 defined earlier.' (continuing with last specified path).
DEFINE 01fe20bec279 /home/01FE20BEC279/01fe20bec279
|
irun: *W,DLCLAP (../cds.lib,75): cds.lib Same file has different definitions for library 'library 01fe20bec279 from /home/01FE20BEC279/cds.lib line 75, redefines
    library 01fe20bec279 from same file line 74 defined earlier.' (continuing with last specified path).
INCLUDE $GF_PDK_HOME/DesignEnv/VirtuosoOA/setup/superstack.cds.lib
|
irun: *W,DLCVAR (../cds.lib,6): cds.lib Invalid environment variable ''.
DEFINE CALIBRE_HOME     /cad_area/vlsi/tools/MENTOR/calibre/aoi_cal_2018.2_41.34
|
irun: *W,DLCPTH (../cds.lib,13): cds.lib Invalid path '/cad_area/vlsi/tools/MENTOR/calibre/aoi_cal_2018.2_41.34' (cds.lib command ignored).
DEFINE UMC_18_CMOS /cad_area/install/pdk/Cadence_PDK/UMC180FDK/Cadence_IC6/G-9FD-MIXED_MODE_RFCMOS18-1.8V_3.3V-1P6M-MMC_UM180FDKMFC00000OA-FDK-Ver.A02_PB.zip_FILES/UM180FDKMFC00000OA_A02_DESIGNKIT.tar.gz_FILES/UM180FDKMFC00000OA_A02_PB.tar.gz_FILES/UMC_18_CMOS/
|
irun: *W,DLCLAP (../cds.lib,28): cds.lib Same file has different definitions for library 'library UMC_18_CMOS from /home/01FE20BEC279/cds.lib line 28, redefines
    library UMC_18_CMOS from same file line 27 defined earlier.' (continuing with last specified path).
DEFINE UMC180Faraday    /cad_area/install/pdk/UMC/UMC180Faraday
|
irun: *W,DLCPTH (../cds.lib,34): cds.lib Invalid path '/cad_area/install/pdk/UMC/UMC180Faraday' (cds.lib command ignored).
DEFINE UMC180Faraday    /cad_area/install/pdk/UMC/UMC180Faraday/fsa0m_a/2008Q3v1.2/50VT_GENERIC_IO/BackEnd/lef
|
irun: *W,DLCPTH (../cds.lib,35): cds.lib Invalid path '/cad_area/install/pdk/UMC/UMC180Faraday/fsa0m_a/2008Q3v1.2/50VT_GENERIC_IO/BackEnd/lef' (cds.lib command ignored).
DEFINE FSA0M_A_50VT_GENERIC_IO /cad_area/install/pdk/UMC/UMC180Faraday/fsa0m_a/2008Q3v1.2/50VT_GENERIC_IO/FrontEnd/composer/FSA0M_A_50VT_GENERIC_IO
|
irun: *W,DLCPTH (../cds.lib,37): cds.lib Invalid path '/cad_area/install/pdk/UMC/UMC180Faraday/fsa0m_a/2008Q3v1.2/50VT_GENERIC_IO/FrontEnd/composer/FSA0M_A_50VT_GENERIC_IO' (cds.lib command ignored).
DEFINE asap7_TechLib $PDK_DIR/cdslib/asap7_TechLib
|
irun: *W,DLCVAR (../cds.lib,42): cds.lib Invalid environment variable ''.
DEFINE asap7ssc7p5t $PDK_DIR/asap7ssc7p5t_05
|
irun: *W,DLCVAR (../cds.lib,67): cds.lib Invalid environment variable ''.
DEFINE 01FE20bec279 /home/01FE20BEC279/01FE20bec279
|
irun: *W,DLCPTH (../cds.lib,72): cds.lib Invalid path '/home/01FE20BEC279/01FE20bec279' (cds.lib command ignored).
DEFINE 01fe20bec279 /home/01FE20BEC279/01fe20bec279
|
irun: *W,DLCLAP (../cds.lib,73): cds.lib Same file has different definitions for library 'library 01fe20bec279 from /home/01FE20BEC279/cds.lib line 73, redefines
    library 01fe20bec279 from same file line 71 defined earlier.' (continuing with last specified path).
DEFINE 01fe20bec279 /home/01FE20BEC279/01fe20bec279
|
irun: *W,DLCLAP (../cds.lib,74): cds.lib Same file has different definitions for library 'library 01fe20bec279 from /home/01FE20BEC279/cds.lib line 74, redefines
    library 01fe20bec279 from same file line 73 defined earlier.' (continuing with last specified path).
DEFINE 01fe20bec279 /home/01FE20BEC279/01fe20bec279
|
irun: *W,DLCLAP (../cds.lib,75): cds.lib Same file has different definitions for library 'library 01fe20bec279 from /home/01FE20BEC279/cds.lib line 75, redefines
    library 01fe20bec279 from same file line 74 defined earlier.' (continuing with last specified path).
INCLUDE $GF_PDK_HOME/DesignEnv/VirtuosoOA/setup/superstack.cds.lib
|
irun: *W,DLCVAR (../cds.lib,6): cds.lib Invalid environment variable ''.
DEFINE CALIBRE_HOME     /cad_area/vlsi/tools/MENTOR/calibre/aoi_cal_2018.2_41.34
|
irun: *W,DLCPTH (../cds.lib,13): cds.lib Invalid path '/cad_area/vlsi/tools/MENTOR/calibre/aoi_cal_2018.2_41.34' (cds.lib command ignored).
DEFINE UMC_18_CMOS /cad_area/install/pdk/Cadence_PDK/UMC180FDK/Cadence_IC6/G-9FD-MIXED_MODE_RFCMOS18-1.8V_3.3V-1P6M-MMC_UM180FDKMFC00000OA-FDK-Ver.A02_PB.zip_FILES/UM180FDKMFC00000OA_A02_DESIGNKIT.tar.gz_FILES/UM180FDKMFC00000OA_A02_PB.tar.gz_FILES/UMC_18_CMOS/
|
irun: *W,DLCLAP (../cds.lib,28): cds.lib Same file has different definitions for library 'library UMC_18_CMOS from /home/01FE20BEC279/cds.lib line 28, redefines
    library UMC_18_CMOS from same file line 27 defined earlier.' (continuing with last specified path).
DEFINE UMC180Faraday    /cad_area/install/pdk/UMC/UMC180Faraday
|
irun: *W,DLCPTH (../cds.lib,34): cds.lib Invalid path '/cad_area/install/pdk/UMC/UMC180Faraday' (cds.lib command ignored).
DEFINE UMC180Faraday    /cad_area/install/pdk/UMC/UMC180Faraday/fsa0m_a/2008Q3v1.2/50VT_GENERIC_IO/BackEnd/lef
|
irun: *W,DLCPTH (../cds.lib,35): cds.lib Invalid path '/cad_area/install/pdk/UMC/UMC180Faraday/fsa0m_a/2008Q3v1.2/50VT_GENERIC_IO/BackEnd/lef' (cds.lib command ignored).
DEFINE FSA0M_A_50VT_GENERIC_IO /cad_area/install/pdk/UMC/UMC180Faraday/fsa0m_a/2008Q3v1.2/50VT_GENERIC_IO/FrontEnd/composer/FSA0M_A_50VT_GENERIC_IO
|
irun: *W,DLCPTH (../cds.lib,37): cds.lib Invalid path '/cad_area/install/pdk/UMC/UMC180Faraday/fsa0m_a/2008Q3v1.2/50VT_GENERIC_IO/FrontEnd/composer/FSA0M_A_50VT_GENERIC_IO' (cds.lib command ignored).
DEFINE asap7_TechLib $PDK_DIR/cdslib/asap7_TechLib
|
irun: *W,DLCVAR (../cds.lib,42): cds.lib Invalid environment variable ''.
DEFINE asap7ssc7p5t $PDK_DIR/asap7ssc7p5t_05
|
irun: *W,DLCVAR (../cds.lib,67): cds.lib Invalid environment variable ''.
DEFINE 01FE20bec279 /home/01FE20BEC279/01FE20bec279
|
irun: *W,DLCPTH (../cds.lib,72): cds.lib Invalid path '/home/01FE20BEC279/01FE20bec279' (cds.lib command ignored).
DEFINE 01fe20bec279 /home/01FE20BEC279/01fe20bec279
|
irun: *W,DLCLAP (../cds.lib,73): cds.lib Same file has different definitions for library 'library 01fe20bec279 from /home/01FE20BEC279/cds.lib line 73, redefines
    library 01fe20bec279 from same file line 71 defined earlier.' (continuing with last specified path).
DEFINE 01fe20bec279 /home/01FE20BEC279/01fe20bec279
|
irun: *W,DLCLAP (../cds.lib,74): cds.lib Same file has different definitions for library 'library 01fe20bec279 from /home/01FE20BEC279/cds.lib line 74, redefines
    library 01fe20bec279 from same file line 73 defined earlier.' (continuing with last specified path).
DEFINE 01fe20bec279 /home/01FE20BEC279/01fe20bec279
|
irun: *W,DLCLAP (../cds.lib,75): cds.lib Same file has different definitions for library 'library 01fe20bec279 from /home/01FE20BEC279/cds.lib line 75, redefines
    library 01fe20bec279 from same file line 74 defined earlier.' (continuing with last specified path).
INCLUDE $GF_PDK_HOME/DesignEnv/VirtuosoOA/setup/superstack.cds.lib
|
irun: *W,DLCVAR (../cds.lib,6): cds.lib Invalid environment variable ''.
DEFINE CALIBRE_HOME     /cad_area/vlsi/tools/MENTOR/calibre/aoi_cal_2018.2_41.34
|
irun: *W,DLCPTH (../cds.lib,13): cds.lib Invalid path '/cad_area/vlsi/tools/MENTOR/calibre/aoi_cal_2018.2_41.34' (cds.lib command ignored).
DEFINE UMC_18_CMOS /cad_area/install/pdk/Cadence_PDK/UMC180FDK/Cadence_IC6/G-9FD-MIXED_MODE_RFCMOS18-1.8V_3.3V-1P6M-MMC_UM180FDKMFC00000OA-FDK-Ver.A02_PB.zip_FILES/UM180FDKMFC00000OA_A02_DESIGNKIT.tar.gz_FILES/UM180FDKMFC00000OA_A02_PB.tar.gz_FILES/UMC_18_CMOS/
|
irun: *W,DLCLAP (../cds.lib,28): cds.lib Same file has different definitions for library 'library UMC_18_CMOS from /home/01FE20BEC279/cds.lib line 28, redefines
    library UMC_18_CMOS from same file line 27 defined earlier.' (continuing with last specified path).
DEFINE UMC180Faraday    /cad_area/install/pdk/UMC/UMC180Faraday
|
irun: *W,DLCPTH (../cds.lib,34): cds.lib Invalid path '/cad_area/install/pdk/UMC/UMC180Faraday' (cds.lib command ignored).
DEFINE UMC180Faraday    /cad_area/install/pdk/UMC/UMC180Faraday/fsa0m_a/2008Q3v1.2/50VT_GENERIC_IO/BackEnd/lef
|
irun: *W,DLCPTH (../cds.lib,35): cds.lib Invalid path '/cad_area/install/pdk/UMC/UMC180Faraday/fsa0m_a/2008Q3v1.2/50VT_GENERIC_IO/BackEnd/lef' (cds.lib command ignored).
DEFINE FSA0M_A_50VT_GENERIC_IO /cad_area/install/pdk/UMC/UMC180Faraday/fsa0m_a/2008Q3v1.2/50VT_GENERIC_IO/FrontEnd/composer/FSA0M_A_50VT_GENERIC_IO
|
irun: *W,DLCPTH (../cds.lib,37): cds.lib Invalid path '/cad_area/install/pdk/UMC/UMC180Faraday/fsa0m_a/2008Q3v1.2/50VT_GENERIC_IO/FrontEnd/composer/FSA0M_A_50VT_GENERIC_IO' (cds.lib command ignored).
DEFINE asap7_TechLib $PDK_DIR/cdslib/asap7_TechLib
|
irun: *W,DLCVAR (../cds.lib,42): cds.lib Invalid environment variable ''.
DEFINE asap7ssc7p5t $PDK_DIR/asap7ssc7p5t_05
|
irun: *W,DLCVAR (../cds.lib,67): cds.lib Invalid environment variable ''.
DEFINE 01FE20bec279 /home/01FE20BEC279/01FE20bec279
|
irun: *W,DLCPTH (../cds.lib,72): cds.lib Invalid path '/home/01FE20BEC279/01FE20bec279' (cds.lib command ignored).
DEFINE 01fe20bec279 /home/01FE20BEC279/01fe20bec279
|
irun: *W,DLCLAP (../cds.lib,73): cds.lib Same file has different definitions for library 'library 01fe20bec279 from /home/01FE20BEC279/cds.lib line 73, redefines
    library 01fe20bec279 from same file line 71 defined earlier.' (continuing with last specified path).
DEFINE 01fe20bec279 /home/01FE20BEC279/01fe20bec279
|
irun: *W,DLCLAP (../cds.lib,74): cds.lib Same file has different definitions for library 'library 01fe20bec279 from /home/01FE20BEC279/cds.lib line 74, redefines
    library 01fe20bec279 from same file line 73 defined earlier.' (continuing with last specified path).
DEFINE 01fe20bec279 /home/01FE20BEC279/01fe20bec279
|
irun: *W,DLCLAP (../cds.lib,75): cds.lib Same file has different definitions for library 'library 01fe20bec279 from /home/01FE20BEC279/cds.lib line 75, redefines
    library 01fe20bec279 from same file line 74 defined earlier.' (continuing with last specified path).
INCLUDE $GF_PDK_HOME/DesignEnv/VirtuosoOA/setup/superstack.cds.lib
|
ncvlog: *W,DLCVAR (../cds.lib,6): cds.lib Invalid environment variable ''.
DEFINE CALIBRE_HOME     /cad_area/vlsi/tools/MENTOR/calibre/aoi_cal_2018.2_41.34
|
ncvlog: *W,DLCPTH (../cds.lib,13): cds.lib Invalid path '/cad_area/vlsi/tools/MENTOR/calibre/aoi_cal_2018.2_41.34' (cds.lib command ignored).
DEFINE UMC_18_CMOS /cad_area/install/pdk/Cadence_PDK/UMC180FDK/Cadence_IC6/G-9FD-MIXED_MODE_RFCMOS18-1.8V_3.3V-1P6M-MMC_UM180FDKMFC00000OA-FDK-Ver.A02_PB.zip_FILES/UM180FDKMFC00000OA_A02_DESIGNKIT.tar.gz_FILES/UM180FDKMFC00000OA_A02_PB.tar.gz_FILES/UMC_18_CMOS/
|
ncvlog: *W,DLCLAP (../cds.lib,28): cds.lib Same file has different definitions for library 'library UMC_18_CMOS from /home/01FE20BEC279/cds.lib line 28, redefines
    library UMC_18_CMOS from same file line 27 defined earlier.' (continuing with last specified path).
DEFINE UMC180Faraday    /cad_area/install/pdk/UMC/UMC180Faraday
|
ncvlog: *W,DLCPTH (../cds.lib,34): cds.lib Invalid path '/cad_area/install/pdk/UMC/UMC180Faraday' (cds.lib command ignored).
DEFINE UMC180Faraday    /cad_area/install/pdk/UMC/UMC180Faraday/fsa0m_a/2008Q3v1.2/50VT_GENERIC_IO/BackEnd/lef
|
ncvlog: *W,DLCPTH (../cds.lib,35): cds.lib Invalid path '/cad_area/install/pdk/UMC/UMC180Faraday/fsa0m_a/2008Q3v1.2/50VT_GENERIC_IO/BackEnd/lef' (cds.lib command ignored).
DEFINE FSA0M_A_50VT_GENERIC_IO /cad_area/install/pdk/UMC/UMC180Faraday/fsa0m_a/2008Q3v1.2/50VT_GENERIC_IO/FrontEnd/composer/FSA0M_A_50VT_GENERIC_IO
|
ncvlog: *W,DLCPTH (../cds.lib,37): cds.lib Invalid path '/cad_area/install/pdk/UMC/UMC180Faraday/fsa0m_a/2008Q3v1.2/50VT_GENERIC_IO/FrontEnd/composer/FSA0M_A_50VT_GENERIC_IO' (cds.lib command ignored).
DEFINE asap7_TechLib $PDK_DIR/cdslib/asap7_TechLib
|
ncvlog: *W,DLCVAR (../cds.lib,42): cds.lib Invalid environment variable ''.
DEFINE asap7ssc7p5t $PDK_DIR/asap7ssc7p5t_05
|
ncvlog: *W,DLCVAR (../cds.lib,67): cds.lib Invalid environment variable ''.
DEFINE 01FE20bec279 /home/01FE20BEC279/01FE20bec279
|
ncvlog: *W,DLCPTH (../cds.lib,72): cds.lib Invalid path '/home/01FE20BEC279/01FE20bec279' (cds.lib command ignored).
DEFINE 01fe20bec279 /home/01FE20BEC279/01fe20bec279
|
ncvlog: *W,DLCLAP (../cds.lib,73): cds.lib Same file has different definitions for library 'library 01fe20bec279 from /home/01FE20BEC279/cds.lib line 73, redefines
    library 01fe20bec279 from same file line 71 defined earlier.' (continuing with last specified path).
DEFINE 01fe20bec279 /home/01FE20BEC279/01fe20bec279
|
ncvlog: *W,DLCLAP (../cds.lib,74): cds.lib Same file has different definitions for library 'library 01fe20bec279 from /home/01FE20BEC279/cds.lib line 74, redefines
    library 01fe20bec279 from same file line 73 defined earlier.' (continuing with last specified path).
DEFINE 01fe20bec279 /home/01FE20BEC279/01fe20bec279
|
ncvlog: *W,DLCLAP (../cds.lib,75): cds.lib Same file has different definitions for library 'library 01fe20bec279 from /home/01FE20BEC279/cds.lib line 75, redefines
    library 01fe20bec279 from same file line 74 defined earlier.' (continuing with last specified path).
file: t_z.v
	module worklib.t_z:v
		errors: 0, warnings: 0
	module worklib.z:v
		errors: 0, warnings: 0
	Total errors/warnings found outside modules and primitives:
		errors: 0, warnings: 12
INCLUDE $GF_PDK_HOME/DesignEnv/VirtuosoOA/setup/superstack.cds.lib
|
irun: *W,DLCVAR (../cds.lib,6): cds.lib Invalid environment variable ''.
DEFINE CALIBRE_HOME     /cad_area/vlsi/tools/MENTOR/calibre/aoi_cal_2018.2_41.34
|
irun: *W,DLCPTH (../cds.lib,13): cds.lib Invalid path '/cad_area/vlsi/tools/MENTOR/calibre/aoi_cal_2018.2_41.34' (cds.lib command ignored).
DEFINE UMC_18_CMOS /cad_area/install/pdk/Cadence_PDK/UMC180FDK/Cadence_IC6/G-9FD-MIXED_MODE_RFCMOS18-1.8V_3.3V-1P6M-MMC_UM180FDKMFC00000OA-FDK-Ver.A02_PB.zip_FILES/UM180FDKMFC00000OA_A02_DESIGNKIT.tar.gz_FILES/UM180FDKMFC00000OA_A02_PB.tar.gz_FILES/UMC_18_CMOS/
|
irun: *W,DLCLAP (../cds.lib,28): cds.lib Same file has different definitions for library 'library UMC_18_CMOS from /home/01FE20BEC279/cds.lib line 28, redefines
    library UMC_18_CMOS from same file line 27 defined earlier.' (continuing with last specified path).
DEFINE UMC180Faraday    /cad_area/install/pdk/UMC/UMC180Faraday
|
irun: *W,DLCPTH (../cds.lib,34): cds.lib Invalid path '/cad_area/install/pdk/UMC/UMC180Faraday' (cds.lib command ignored).
DEFINE UMC180Faraday    /cad_area/install/pdk/UMC/UMC180Faraday/fsa0m_a/2008Q3v1.2/50VT_GENERIC_IO/BackEnd/lef
|
irun: *W,DLCPTH (../cds.lib,35): cds.lib Invalid path '/cad_area/install/pdk/UMC/UMC180Faraday/fsa0m_a/2008Q3v1.2/50VT_GENERIC_IO/BackEnd/lef' (cds.lib command ignored).
DEFINE FSA0M_A_50VT_GENERIC_IO /cad_area/install/pdk/UMC/UMC180Faraday/fsa0m_a/2008Q3v1.2/50VT_GENERIC_IO/FrontEnd/composer/FSA0M_A_50VT_GENERIC_IO
|
irun: *W,DLCPTH (../cds.lib,37): cds.lib Invalid path '/cad_area/install/pdk/UMC/UMC180Faraday/fsa0m_a/2008Q3v1.2/50VT_GENERIC_IO/FrontEnd/composer/FSA0M_A_50VT_GENERIC_IO' (cds.lib command ignored).
DEFINE asap7_TechLib $PDK_DIR/cdslib/asap7_TechLib
|
irun: *W,DLCVAR (../cds.lib,42): cds.lib Invalid environment variable ''.
DEFINE asap7ssc7p5t $PDK_DIR/asap7ssc7p5t_05
|
irun: *W,DLCVAR (../cds.lib,67): cds.lib Invalid environment variable ''.
DEFINE 01FE20bec279 /home/01FE20BEC279/01FE20bec279
|
irun: *W,DLCPTH (../cds.lib,72): cds.lib Invalid path '/home/01FE20BEC279/01FE20bec279' (cds.lib command ignored).
DEFINE 01fe20bec279 /home/01FE20BEC279/01fe20bec279
|
irun: *W,DLCLAP (../cds.lib,73): cds.lib Same file has different definitions for library 'library 01fe20bec279 from /home/01FE20BEC279/cds.lib line 73, redefines
    library 01fe20bec279 from same file line 71 defined earlier.' (continuing with last specified path).
DEFINE 01fe20bec279 /home/01FE20BEC279/01fe20bec279
|
irun: *W,DLCLAP (../cds.lib,74): cds.lib Same file has different definitions for library 'library 01fe20bec279 from /home/01FE20BEC279/cds.lib line 74, redefines
    library 01fe20bec279 from same file line 73 defined earlier.' (continuing with last specified path).
DEFINE 01fe20bec279 /home/01FE20BEC279/01fe20bec279
|
irun: *W,DLCLAP (../cds.lib,75): cds.lib Same file has different definitions for library 'library 01fe20bec279 from /home/01FE20BEC279/cds.lib line 75, redefines
    library 01fe20bec279 from same file line 74 defined earlier.' (continuing with last specified path).
INCLUDE $GF_PDK_HOME/DesignEnv/VirtuosoOA/setup/superstack.cds.lib
|
irun: *W,DLCVAR (../cds.lib,6): cds.lib Invalid environment variable ''.
DEFINE CALIBRE_HOME     /cad_area/vlsi/tools/MENTOR/calibre/aoi_cal_2018.2_41.34
|
irun: *W,DLCPTH (../cds.lib,13): cds.lib Invalid path '/cad_area/vlsi/tools/MENTOR/calibre/aoi_cal_2018.2_41.34' (cds.lib command ignored).
DEFINE UMC_18_CMOS /cad_area/install/pdk/Cadence_PDK/UMC180FDK/Cadence_IC6/G-9FD-MIXED_MODE_RFCMOS18-1.8V_3.3V-1P6M-MMC_UM180FDKMFC00000OA-FDK-Ver.A02_PB.zip_FILES/UM180FDKMFC00000OA_A02_DESIGNKIT.tar.gz_FILES/UM180FDKMFC00000OA_A02_PB.tar.gz_FILES/UMC_18_CMOS/
|
irun: *W,DLCLAP (../cds.lib,28): cds.lib Same file has different definitions for library 'library UMC_18_CMOS from /home/01FE20BEC279/cds.lib line 28, redefines
    library UMC_18_CMOS from same file line 27 defined earlier.' (continuing with last specified path).
DEFINE UMC180Faraday    /cad_area/install/pdk/UMC/UMC180Faraday
|
irun: *W,DLCPTH (../cds.lib,34): cds.lib Invalid path '/cad_area/install/pdk/UMC/UMC180Faraday' (cds.lib command ignored).
DEFINE UMC180Faraday    /cad_area/install/pdk/UMC/UMC180Faraday/fsa0m_a/2008Q3v1.2/50VT_GENERIC_IO/BackEnd/lef
|
irun: *W,DLCPTH (../cds.lib,35): cds.lib Invalid path '/cad_area/install/pdk/UMC/UMC180Faraday/fsa0m_a/2008Q3v1.2/50VT_GENERIC_IO/BackEnd/lef' (cds.lib command ignored).
DEFINE FSA0M_A_50VT_GENERIC_IO /cad_area/install/pdk/UMC/UMC180Faraday/fsa0m_a/2008Q3v1.2/50VT_GENERIC_IO/FrontEnd/composer/FSA0M_A_50VT_GENERIC_IO
|
irun: *W,DLCPTH (../cds.lib,37): cds.lib Invalid path '/cad_area/install/pdk/UMC/UMC180Faraday/fsa0m_a/2008Q3v1.2/50VT_GENERIC_IO/FrontEnd/composer/FSA0M_A_50VT_GENERIC_IO' (cds.lib command ignored).
DEFINE asap7_TechLib $PDK_DIR/cdslib/asap7_TechLib
|
irun: *W,DLCVAR (../cds.lib,42): cds.lib Invalid environment variable ''.
DEFINE asap7ssc7p5t $PDK_DIR/asap7ssc7p5t_05
|
irun: *W,DLCVAR (../cds.lib,67): cds.lib Invalid environment variable ''.
DEFINE 01FE20bec279 /home/01FE20BEC279/01FE20bec279
|
irun: *W,DLCPTH (../cds.lib,72): cds.lib Invalid path '/home/01FE20BEC279/01FE20bec279' (cds.lib command ignored).
DEFINE 01fe20bec279 /home/01FE20BEC279/01fe20bec279
|
irun: *W,DLCLAP (../cds.lib,73): cds.lib Same file has different definitions for library 'library 01fe20bec279 from /home/01FE20BEC279/cds.lib line 73, redefines
    library 01fe20bec279 from same file line 71 defined earlier.' (continuing with last specified path).
DEFINE 01fe20bec279 /home/01FE20BEC279/01fe20bec279
|
irun: *W,DLCLAP (../cds.lib,74): cds.lib Same file has different definitions for library 'library 01fe20bec279 from /home/01FE20BEC279/cds.lib line 74, redefines
    library 01fe20bec279 from same file line 73 defined earlier.' (continuing with last specified path).
DEFINE 01fe20bec279 /home/01FE20BEC279/01fe20bec279
|
irun: *W,DLCLAP (../cds.lib,75): cds.lib Same file has different definitions for library 'library 01fe20bec279 from /home/01FE20BEC279/cds.lib line 75, redefines
    library 01fe20bec279 from same file line 74 defined earlier.' (continuing with last specified path).
INCLUDE $GF_PDK_HOME/DesignEnv/VirtuosoOA/setup/superstack.cds.lib
|
ncelab: *W,DLCVAR (../cds.lib,6): cds.lib Invalid environment variable ''.
DEFINE CALIBRE_HOME     /cad_area/vlsi/tools/MENTOR/calibre/aoi_cal_2018.2_41.34
|
ncelab: *W,DLCPTH (../cds.lib,13): cds.lib Invalid path '/cad_area/vlsi/tools/MENTOR/calibre/aoi_cal_2018.2_41.34' (cds.lib command ignored).
DEFINE UMC_18_CMOS /cad_area/install/pdk/Cadence_PDK/UMC180FDK/Cadence_IC6/G-9FD-MIXED_MODE_RFCMOS18-1.8V_3.3V-1P6M-MMC_UM180FDKMFC00000OA-FDK-Ver.A02_PB.zip_FILES/UM180FDKMFC00000OA_A02_DESIGNKIT.tar.gz_FILES/UM180FDKMFC00000OA_A02_PB.tar.gz_FILES/UMC_18_CMOS/
|
ncelab: *W,DLCLAP (../cds.lib,28): cds.lib Same file has different definitions for library 'library UMC_18_CMOS from /home/01FE20BEC279/cds.lib line 28, redefines
    library UMC_18_CMOS from same file line 27 defined earlier.' (continuing with last specified path).
DEFINE UMC180Faraday    /cad_area/install/pdk/UMC/UMC180Faraday
|
ncelab: *W,DLCPTH (../cds.lib,34): cds.lib Invalid path '/cad_area/install/pdk/UMC/UMC180Faraday' (cds.lib command ignored).
DEFINE UMC180Faraday    /cad_area/install/pdk/UMC/UMC180Faraday/fsa0m_a/2008Q3v1.2/50VT_GENERIC_IO/BackEnd/lef
|
ncelab: *W,DLCPTH (../cds.lib,35): cds.lib Invalid path '/cad_area/install/pdk/UMC/UMC180Faraday/fsa0m_a/2008Q3v1.2/50VT_GENERIC_IO/BackEnd/lef' (cds.lib command ignored).
DEFINE FSA0M_A_50VT_GENERIC_IO /cad_area/install/pdk/UMC/UMC180Faraday/fsa0m_a/2008Q3v1.2/50VT_GENERIC_IO/FrontEnd/composer/FSA0M_A_50VT_GENERIC_IO
|
ncelab: *W,DLCPTH (../cds.lib,37): cds.lib Invalid path '/cad_area/install/pdk/UMC/UMC180Faraday/fsa0m_a/2008Q3v1.2/50VT_GENERIC_IO/FrontEnd/composer/FSA0M_A_50VT_GENERIC_IO' (cds.lib command ignored).
DEFINE asap7_TechLib $PDK_DIR/cdslib/asap7_TechLib
|
ncelab: *W,DLCVAR (../cds.lib,42): cds.lib Invalid environment variable ''.
DEFINE asap7ssc7p5t $PDK_DIR/asap7ssc7p5t_05
|
ncelab: *W,DLCVAR (../cds.lib,67): cds.lib Invalid environment variable ''.
DEFINE 01FE20bec279 /home/01FE20BEC279/01FE20bec279
|
ncelab: *W,DLCPTH (../cds.lib,72): cds.lib Invalid path '/home/01FE20BEC279/01FE20bec279' (cds.lib command ignored).
DEFINE 01fe20bec279 /home/01FE20BEC279/01fe20bec279
|
ncelab: *W,DLCLAP (../cds.lib,73): cds.lib Same file has different definitions for library 'library 01fe20bec279 from /home/01FE20BEC279/cds.lib line 73, redefines
    library 01fe20bec279 from same file line 71 defined earlier.' (continuing with last specified path).
DEFINE 01fe20bec279 /home/01FE20BEC279/01fe20bec279
|
ncelab: *W,DLCLAP (../cds.lib,74): cds.lib Same file has different definitions for library 'library 01fe20bec279 from /home/01FE20BEC279/cds.lib line 74, redefines
    library 01fe20bec279 from same file line 73 defined earlier.' (continuing with last specified path).
DEFINE 01fe20bec279 /home/01FE20BEC279/01fe20bec279
|
ncelab: *W,DLCLAP (../cds.lib,75): cds.lib Same file has different definitions for library 'library 01fe20bec279 from /home/01FE20BEC279/cds.lib line 75, redefines
    library 01fe20bec279 from same file line 74 defined earlier.' (continuing with last specified path).
		Caching library 'worklib' ....... Done
	Elaborating the design hierarchy:
	Top level design units:
		t_z
	Building instance overlay tables: .................... Done
	Generating native compiled code:
INCLUDE $GF_PDK_HOME/DesignEnv/VirtuosoOA/setup/superstack.cds.lib
|
ncvlog_cg: *W,DLCVAR (../cds.lib,6): cds.lib Invalid environment variable ''.
DEFINE CALIBRE_HOME     /cad_area/vlsi/tools/MENTOR/calibre/aoi_cal_2018.2_41.34
|
ncvlog_cg: *W,DLCPTH (../cds.lib,13): cds.lib Invalid path '/cad_area/vlsi/tools/MENTOR/calibre/aoi_cal_2018.2_41.34' (cds.lib command ignored).
DEFINE UMC_18_CMOS /cad_area/install/pdk/Cadence_PDK/UMC180FDK/Cadence_IC6/G-9FD-MIXED_MODE_RFCMOS18-1.8V_3.3V-1P6M-MMC_UM180FDKMFC00000OA-FDK-Ver.A02_PB.zip_FILES/UM180FDKMFC00000OA_A02_DESIGNKIT.tar.gz_FILES/UM180FDKMFC00000OA_A02_PB.tar.gz_FILES/UMC_18_CMOS/
|
ncvlog_cg: *W,DLCLAP (../cds.lib,28): cds.lib Same file has different definitions for library 'library UMC_18_CMOS from /home/01FE20BEC279/cds.lib line 28, redefines
    library UMC_18_CMOS from same file line 27 defined earlier.' (continuing with last specified path).
DEFINE UMC180Faraday    /cad_area/install/pdk/UMC/UMC180Faraday
|
ncvlog_cg: *W,DLCPTH (../cds.lib,34): cds.lib Invalid path '/cad_area/install/pdk/UMC/UMC180Faraday' (cds.lib command ignored).
DEFINE UMC180Faraday    /cad_area/install/pdk/UMC/UMC180Faraday/fsa0m_a/2008Q3v1.2/50VT_GENERIC_IO/BackEnd/lef
|
ncvlog_cg: *W,DLCPTH (../cds.lib,35): cds.lib Invalid path '/cad_area/install/pdk/UMC/UMC180Faraday/fsa0m_a/2008Q3v1.2/50VT_GENERIC_IO/BackEnd/lef' (cds.lib command ignored).
DEFINE FSA0M_A_50VT_GENERIC_IO /cad_area/install/pdk/UMC/UMC180Faraday/fsa0m_a/2008Q3v1.2/50VT_GENERIC_IO/FrontEnd/composer/FSA0M_A_50VT_GENERIC_IO
|
ncvlog_cg: *W,DLCPTH (../cds.lib,37): cds.lib Invalid path '/cad_area/install/pdk/UMC/UMC180Faraday/fsa0m_a/2008Q3v1.2/50VT_GENERIC_IO/FrontEnd/composer/FSA0M_A_50VT_GENERIC_IO' (cds.lib command ignored).
DEFINE asap7_TechLib $PDK_DIR/cdslib/asap7_TechLib
|
ncvlog_cg: *W,DLCVAR (../cds.lib,42): cds.lib Invalid environment variable ''.
DEFINE asap7ssc7p5t $PDK_DIR/asap7ssc7p5t_05
|
ncvlog_cg: *W,DLCVAR (../cds.lib,67): cds.lib Invalid environment variable ''.
DEFINE 01FE20bec279 /home/01FE20BEC279/01FE20bec279
|
ncvlog_cg: *W,DLCPTH (../cds.lib,72): cds.lib Invalid path '/home/01FE20BEC279/01FE20bec279' (cds.lib command ignored).
DEFINE 01fe20bec279 /home/01FE20BEC279/01fe20bec279
|
ncvlog_cg: *W,DLCLAP (../cds.lib,73): cds.lib Same file has different definitions for library 'library 01fe20bec279 from /home/01FE20BEC279/cds.lib line 73, redefines
    library 01fe20bec279 from same file line 71 defined earlier.' (continuing with last specified path).
DEFINE 01fe20bec279 /home/01FE20BEC279/01fe20bec279
|
ncvlog_cg: *W,DLCLAP (../cds.lib,74): cds.lib Same file has different definitions for library 'library 01fe20bec279 from /home/01FE20BEC279/cds.lib line 74, redefines
    library 01fe20bec279 from same file line 73 defined earlier.' (continuing with last specified path).
DEFINE 01fe20bec279 /home/01FE20BEC279/01fe20bec279
|
ncvlog_cg: *W,DLCLAP (../cds.lib,75): cds.lib Same file has different definitions for library 'library 01fe20bec279 from /home/01FE20BEC279/cds.lib line 75, redefines
    library 01fe20bec279 from same file line 74 defined earlier.' (continuing with last specified path).
		worklib.t_z:v <0x236bf5c5>
			streams:   9, words:  8286
		worklib.z:v <0x6a80f3f5>
			streams:   4, words:  3687
	Building instance specific data structures.
	Loading native compiled code:     .................... Done
	Design hierarchy summary:
		              Instances  Unique
		Modules:              2       2
		Registers:           16      16
		Scalar wires:         6       -
		Vectored wires:       3       -
		Always blocks:        3       3
		Initial blocks:       2       2
		Pseudo assignments:   5       5
	Writing initial simulation snapshot: worklib.t_z:v
INCLUDE $GF_PDK_HOME/DesignEnv/VirtuosoOA/setup/superstack.cds.lib
|
ncsim: *W,DLCVAR (../cds.lib,6): cds.lib Invalid environment variable ''.
DEFINE CALIBRE_HOME     /cad_area/vlsi/tools/MENTOR/calibre/aoi_cal_2018.2_41.34
|
ncsim: *W,DLCPTH (../cds.lib,13): cds.lib Invalid path '/cad_area/vlsi/tools/MENTOR/calibre/aoi_cal_2018.2_41.34' (cds.lib command ignored).
DEFINE UMC_18_CMOS /cad_area/install/pdk/Cadence_PDK/UMC180FDK/Cadence_IC6/G-9FD-MIXED_MODE_RFCMOS18-1.8V_3.3V-1P6M-MMC_UM180FDKMFC00000OA-FDK-Ver.A02_PB.zip_FILES/UM180FDKMFC00000OA_A02_DESIGNKIT.tar.gz_FILES/UM180FDKMFC00000OA_A02_PB.tar.gz_FILES/UMC_18_CMOS/
|
ncsim: *W,DLCLAP (../cds.lib,28): cds.lib Same file has different definitions for library 'library UMC_18_CMOS from /home/01FE20BEC279/cds.lib line 28, redefines
    library UMC_18_CMOS from same file line 27 defined earlier.' (continuing with last specified path).
DEFINE UMC180Faraday    /cad_area/install/pdk/UMC/UMC180Faraday
|
ncsim: *W,DLCPTH (../cds.lib,34): cds.lib Invalid path '/cad_area/install/pdk/UMC/UMC180Faraday' (cds.lib command ignored).
DEFINE UMC180Faraday    /cad_area/install/pdk/UMC/UMC180Faraday/fsa0m_a/2008Q3v1.2/50VT_GENERIC_IO/BackEnd/lef
|
ncsim: *W,DLCPTH (../cds.lib,35): cds.lib Invalid path '/cad_area/install/pdk/UMC/UMC180Faraday/fsa0m_a/2008Q3v1.2/50VT_GENERIC_IO/BackEnd/lef' (cds.lib command ignored).
DEFINE FSA0M_A_50VT_GENERIC_IO /cad_area/install/pdk/UMC/UMC180Faraday/fsa0m_a/2008Q3v1.2/50VT_GENERIC_IO/FrontEnd/composer/FSA0M_A_50VT_GENERIC_IO
|
ncsim: *W,DLCPTH (../cds.lib,37): cds.lib Invalid path '/cad_area/install/pdk/UMC/UMC180Faraday/fsa0m_a/2008Q3v1.2/50VT_GENERIC_IO/FrontEnd/composer/FSA0M_A_50VT_GENERIC_IO' (cds.lib command ignored).
DEFINE asap7_TechLib $PDK_DIR/cdslib/asap7_TechLib
|
ncsim: *W,DLCVAR (../cds.lib,42): cds.lib Invalid environment variable ''.
DEFINE asap7ssc7p5t $PDK_DIR/asap7ssc7p5t_05
|
ncsim: *W,DLCVAR (../cds.lib,67): cds.lib Invalid environment variable ''.
DEFINE 01FE20bec279 /home/01FE20BEC279/01FE20bec279
|
ncsim: *W,DLCPTH (../cds.lib,72): cds.lib Invalid path '/home/01FE20BEC279/01FE20bec279' (cds.lib command ignored).
DEFINE 01fe20bec279 /home/01FE20BEC279/01fe20bec279
|
ncsim: *W,DLCLAP (../cds.lib,73): cds.lib Same file has different definitions for library 'library 01fe20bec279 from /home/01FE20BEC279/cds.lib line 73, redefines
    library 01fe20bec279 from same file line 71 defined earlier.' (continuing with last specified path).
DEFINE 01fe20bec279 /home/01FE20BEC279/01fe20bec279
|
ncsim: *W,DLCLAP (../cds.lib,74): cds.lib Same file has different definitions for library 'library 01fe20bec279 from /home/01FE20BEC279/cds.lib line 74, redefines
    library 01fe20bec279 from same file line 73 defined earlier.' (continuing with last specified path).
DEFINE 01fe20bec279 /home/01FE20BEC279/01fe20bec279
|
ncsim: *W,DLCLAP (../cds.lib,75): cds.lib Same file has different definitions for library 'library 01fe20bec279 from /home/01FE20BEC279/cds.lib line 75, redefines
    library 01fe20bec279 from same file line 74 defined earlier.' (continuing with last specified path).
Loading snapshot worklib.t_z:v .................... Done
ncsim> source /cad_area/install/INCISIVE152/tools/inca/files/ncsimrc
ncsim> run
                   0Pro_in= x,Total= 0,Product= 0,Rem_change= 0,Transaction= 0
                  20Pro_in= 0,Total=10,Product= 1,Rem_change= 5,Transaction= 1
                  30Pro_in= 0,Total= 0,Product= 0,Rem_change= 0,Transaction= 0
                  40Pro_in= 2,Total=15,Product= 0,Rem_change= 0,Transaction= 0
                  50Pro_in= 2,Total=15,Product= 1,Rem_change= 0,Transaction= 1
                  60Pro_in= 3,Total= 0,Product= 0,Rem_change= 0,Transaction= 0
                  70Pro_in= 3,Total=15,Product= 0,Rem_change= 0,Transaction= 0
                  90Pro_in= 3,Total=30,Product= 0,Rem_change= 0,Transaction= 0
                 100Pro_in= 3,Total=30,Product= 1,Rem_change= 5,Transaction= 1
                 110Pro_in= 3,Total= 0,Product= 0,Rem_change= 0,Transaction= 0
                 120Pro_in= 3,Total=15,Product= 0,Rem_change= 0,Transaction= 0
Simulation complete via $finish(1) at time 200 NS + 0
./t_z.v:41   #200 $finish;
ncsim> exit
TOOL:	irun(64)	15.20-s051: Exiting on May 11, 2023 at 11:17:06 IST  (total: 00:00:10)
