ncsim(64): 15.20-s051: (c) Copyright 1995-2018 Cadence Design Systems, Inc.

-------------------------------------
Relinquished control to SimVision...
ncsim> 
ncsim> database -open waves -into waves.shm -default
Created default SHM database waves
ncsim> probe -create -shm t_pipe_ex2.addr t_pipe_ex2.clk1 t_pipe_ex2.clk2 t_pipe_ex2.func t_pipe_ex2.k t_pipe_ex2.rd t_pipe_ex2.rs1 t_pipe_ex2.rs2 t_pipe_ex2.z
Created probe 1
ncsim> run
time:   0, F=   x
time:  27, F=   8
time:  47, F=  24
time:  67, F=   2
time:  87, F=   6
time: 107, F=   2
time: 127, F=   9
mem[131] =   x
Simulation complete via $finish(1) at time 300 NS + 0
./t_pipe_ex2.v:45 	#300 $finish;
ncsim> ^C
ncsim> exit
ncsim: Memory Usage - 38.6M program + 187.8M data = 226.4M total (231.1M Peak)
ncsim: CPU Usage - 12.2s system + 9.3s user = 21.4s total (600.0s, 3.6% cpu)
